Arguments: 
  /home/developer/.nvm/versions/node/v8.13.0/bin/node /usr/share/yarn/bin/yarn.js

PATH: 
  /home/developer/.nvm/versions/node/v8.13.0/bin:/home/developer/.local/bin:/home/developer/bin:/home/developer/.local/bin:/home/developer/bin:/usr/local/sbin:/usr/local/bin:/usr/sbin:/usr/bin:/sbin:/bin:/usr/games:/usr/local/games:/snap/bin:/home/developer/.dotnet/tools:/usr/local/go/bin:/home/developer/projects/go/work:/home/developer/projects/go/bin:/home/developer/.dotnet/tools:/usr/local/go/bin:/home/developer/projects/go/work:/home/developer/projects/go/bin

Yarn version: 
  1.15.2

Node version: 
  8.13.0

Platform: 
  linux x64

Trace: 
  SyntaxError: /home/developer/projects/node/servizzbee/project-sms-api/package.json: Unexpected token } in JSON at position 458
      at JSON.parse (<anonymous>)
      at /usr/share/yarn/lib/cli.js:1625:59
      at Generator.next (<anonymous>)
      at step (/usr/share/yarn/lib/cli.js:304:30)
      at /usr/share/yarn/lib/cli.js:315:13
      at <anonymous>

npm manifest: 
  {
    "name": "project-sms-api",
    "version": "0.1.0",
    "description": "SMS API Project",
    "main": "app.js",  
    "author": "Win Naung <winnaung@technolsoft.com>",
    "license": "MIT",
    "private": true,
    "scripts": {
      "start": "node ./src/app.js",
      "test": "./node_modules/mocha/bin/_mocha ./test/**/*.test.js --exit --timeout 10000"
    },
    "repository": {
      "type": "git",
      "url": "git@gitlab.irrasoft.com:team-servizzbee/project-sms-api.git",
    },
    "devDependencies": {
      "chai": "^4.2.0",
      "chai-http": "^4.2.1",
      "eslint": "^5.16.0",
      "mocha": "^6.0.2",
      "sinon": "^7.3.1"
    },
    "dependencies": {
      "bcryptjs": "^2.4.3",
      "jsonwebtoken": "^8.5.1",
      "knex": "^0.16.3",
      "knex-cleaner": "^1.1.4",
      "koa": "^2.7.0",
      "koa-bodyparser": "^4.2.1",
      "koa-jwt": "^3.5.1",
      "koa-logger": "^3.2.0",
      "koa-logger-winston": "^0.0.2",
      "koa-passport": "^4.1.1",
      "koa-redis": "^3.1.3",
      "koa-router": "^7.4.0",
      "koa-session": "^5.10.1",
      "koa2-cors": "^2.0.6",
      "koa2-winston": "^3.1.1",
      "mysql": "^2.16.0",
      "passport-local": "^1.0.0",
      "request": "^2.88.0"
    }
  }

yarn manifest: 
  No manifest

Lockfile: 
  No lockfile
